<?xml version="1.0" encoding="UTF-8"?>
<!-- Generated by org.testng.reporters.JUnitReportReporter -->
<testsuite hostname="DiandaKacintaPC" name="tubesRkppl.testNG.KelasC" tests="6" failures="0" timestamp="16 Jun 2014 05:15:02 GMT" time="0.043" errors="0">
  <testcase name="test4" time="0.002" classname="tubesRkppl.testNG.KelasC"/>
  <testcase name="test5" time="0.003" classname="tubesRkppl.testNG.KelasC"/>
  <testcase name="test3" time="0.003" classname="tubesRkppl.testNG.KelasC"/>
  <testcase name="test1" time="0.030" classname="tubesRkppl.testNG.KelasC"/>
  <testcase name="test2" time="0.002" classname="tubesRkppl.testNG.KelasC"/>
  <testcase name="test6" time="0.003" classname="tubesRkppl.testNG.KelasC"/>
</testsuite> <!-- tubesRkppl.testNG.KelasC -->
