<?xml version="1.0" encoding="UTF-8"?>
<!-- Generated by org.testng.reporters.JUnitReportReporter -->
<testsuite hostname="puputnurovy-PC" name="tubesRkppl.testNG.KelasB" tests="2" failures="0" timestamp="18 Jun 2014 03:57:30 GMT" time="0.016" errors="0">
  <testcase name="test1" time="0.015" classname="tubesRkppl.testNG.KelasB"/>
  <testcase name="test2" time="0.001" classname="tubesRkppl.testNG.KelasB"/>
</testsuite> <!-- tubesRkppl.testNG.KelasB -->
