<?xml version="1.0" encoding="UTF-8"?>
<!-- Generated by org.testng.reporters.JUnitReportReporter -->
<testsuite hostname="puputnurovy-PC" name="tubesRkppl.testNG.KelasA" tests="2" failures="0" timestamp="18 Jun 2014 03:57:25 GMT" time="0.019" errors="0">
  <testcase name="test1" time="0.018" classname="tubesRkppl.testNG.KelasA"/>
  <testcase name="test2" time="0.001" classname="tubesRkppl.testNG.KelasA"/>
</testsuite> <!-- tubesRkppl.testNG.KelasA -->
