<?xml version="1.0" encoding="UTF-8"?>
<!-- Generated by org.testng.reporters.JUnitReportReporter -->
<testsuite hostname="DiandaKacintaPC" name="tubesRkppl.testNG.KelasA" tests="2" failures="0" timestamp="16 Jun 2014 03:06:59 GMT" time="0.393" errors="0">
  <testcase name="test1" time="0.390" classname="tubesRkppl.testNG.KelasA"/>
  <testcase name="test2" time="0.003" classname="tubesRkppl.testNG.KelasA"/>
</testsuite> <!-- tubesRkppl.testNG.KelasA -->
