<?xml version="1.0" encoding="UTF-8"?>
<!-- Generated by org.testng.reporters.JUnitReportReporter -->
<testsuite hostname="DiandaKacintaPC" name="tubesRkppl.testNG.KelasA" tests="2" failures="0" timestamp="13 Jun 2014 06:09:16 GMT" time="0.034" errors="0">
  <testcase name="test1" time="0.031" classname="tubesRkppl.testNG.KelasA"/>
  <testcase name="test2" time="0.003" classname="tubesRkppl.testNG.KelasA"/>
</testsuite> <!-- tubesRkppl.testNG.KelasA -->
