<?xml version="1.0" encoding="UTF-8"?>
<!-- Generated by org.testng.reporters.JUnitReportReporter -->
<testsuite hostname="puputnurovy-PC" name="tubesRkppl.testNG.KelasA" tests="2" failures="0" timestamp="17 Jun 2014 04:32:46 GMT" time="0.040" errors="0">
  <testcase name="test1" time="0.040" classname="tubesRkppl.testNG.KelasA"/>
  <testcase name="test2" time="0.000" classname="tubesRkppl.testNG.KelasA"/>
</testsuite> <!-- tubesRkppl.testNG.KelasA -->
