<?xml version="1.0" encoding="UTF-8"?>
<!-- Generated by org.testng.reporters.JUnitReportReporter -->
<testsuite hostname="puputnurovy-PC" name="tubesRkppl.testNG.KelasB" tests="2" failures="0" timestamp="17 Jun 2014 04:32:59 GMT" time="0.018" errors="0">
  <testcase name="test1" time="0.016" classname="tubesRkppl.testNG.KelasB"/>
  <testcase name="test2" time="0.002" classname="tubesRkppl.testNG.KelasB"/>
</testsuite> <!-- tubesRkppl.testNG.KelasB -->
