<?xml version="1.0" encoding="UTF-8"?>
<!-- Generated by org.testng.reporters.JUnitReportReporter -->
<testsuite hostname="puputnurovy-PC" name="tubesRkppl.testNG.KelasE" tests="2" failures="0" timestamp="17 Jun 2014 04:43:01 GMT" time="0.017" errors="0">
  <testcase name="test1" time="0.016" classname="tubesRkppl.testNG.KelasE"/>
  <testcase name="test2" time="0.001" classname="tubesRkppl.testNG.KelasE"/>
</testsuite> <!-- tubesRkppl.testNG.KelasE -->
