<?xml version="1.0" encoding="UTF-8"?>
<!-- Generated by org.testng.reporters.JUnitReportReporter -->
<testsuite hostname="puputnurovy-PC" name="tubesRkppl.testNG.KelasD" tests="2" failures="0" timestamp="18 Jun 2014 03:55:06 GMT" time="0.055" errors="0">
  <testcase name="test1" time="0.054" classname="tubesRkppl.testNG.KelasD"/>
  <testcase name="test2" time="0.001" classname="tubesRkppl.testNG.KelasD"/>
</testsuite> <!-- tubesRkppl.testNG.KelasD -->
